<?xml version="1.0" encoding="UTF-8"?>
<!-- Generated by org.testng.reporters.JUnitReportReporter -->
<testsuite skipped="0" hostname="Okles-PC" name="test.day1" tests="2" failures="0" timestamp="12 lut 2018 18:51:01 GMT" time="0.006" errors="0">
  <testcase name="secondTest" time="0.000" classname="test.day1"/>
  <testcase name="Demo" time="0.006" classname="test.day1"/>
</testsuite> <!-- test.day1 -->
