<?xml version="1.0" encoding="UTF-8"?>
<!-- Generated by org.testng.reporters.JUnitReportReporter -->
<<<<<<< HEAD
<testsuite skipped="0" hostname="Okles-PC" name="test.day2" tests="1" failures="0" timestamp="07 maj 2018 17:49:54 GMT" time="0.001" errors="0">
=======
<testsuite skipped="0" hostname="Okles-PC" name="test.day2" tests="1" failures="0" timestamp="26 kwi 2018 18:21:26 GMT" time="0.001" errors="0">
>>>>>>> 0128cc722e9049ab27c365843ff00a07ce2191f5
  <testcase name="ploan" time="0.001" classname="test.day2"/>
</testsuite> <!-- test.day2 -->
