<?xml version="1.0" encoding="UTF-8"?>
<!-- Generated by org.testng.reporters.JUnitReportReporter -->
<<<<<<< HEAD
<testsuite skipped="0" hostname="Okles-PC" name="test.day4" tests="6" failures="0" timestamp="07 maj 2018 17:49:54 GMT" time="0.004" errors="0">
  <testcase name="loginAPIhomeLoan" time="0.000" classname="test.day4"/>
  <testcase name="mobileLoginhomeLoan" time="0.001" classname="test.day4"/>
  <testcase name="loginAPIhomeLoan" time="0.001" classname="test.day4"/>
  <testcase name="mobileLoginhomeLoan" time="0.000" classname="test.day4"/>
  <testcase name="webLoginhomeLoan" time="0.001" classname="test.day4"/>
=======
<testsuite skipped="0" hostname="Okles-PC" name="test.day4" tests="6" failures="0" timestamp="26 kwi 2018 18:21:26 GMT" time="0.003" errors="0">
  <testcase name="loginAPIhomeLoan" time="0.001" classname="test.day4"/>
  <testcase name="webLoginhomeLoan" time="0.000" classname="test.day4"/>
  <testcase name="mobileLoginhomeLoan" time="0.001" classname="test.day4"/>
  <testcase name="mobileLoginhomeLoan" time="0.000" classname="test.day4"/>
  <testcase name="loginAPIhomeLoan" time="0.000" classname="test.day4"/>
>>>>>>> 0128cc722e9049ab27c365843ff00a07ce2191f5
  <testcase name="webLoginhomeLoan" time="0.001" classname="test.day4"/>
</testsuite> <!-- test.day4 -->
