<?xml version="1.0" encoding="UTF-8"?>
<!-- Generated by org.testng.reporters.JUnitReportReporter -->
<<<<<<< HEAD
<testsuite skipped="1" hostname="Okles-PC" name="test.day3" tests="4" failures="0" timestamp="07 maj 2018 17:49:54 GMT" time="0.002" errors="0">
  <testcase name="webLoginCarLoan" time="0.000" classname="test.day3"/>
  <testcase name="mobileLoginCarLoan" time="0.001" classname="test.day3"/>
  <testcase name="mobileSignOutLoan" time="0.001" classname="test.day3"/>
  <testcase name="mobileSignInLoan" classname="test.day3">
    <skipped/>
  </testcase> <!-- mobileSignInLoan -->
=======
<testsuite skipped="0" hostname="Okles-PC" name="test.day3" tests="4" failures="0" timestamp="26 kwi 2018 18:21:26 GMT" time="0.004" errors="0">
  <testcase name="mobileSignOutLoan" time="0.000" classname="test.day3"/>
  <testcase name="mobileSignInLoan" time="0.002" classname="test.day3"/>
  <testcase name="webLoginCarLoan" time="0.002" classname="test.day3"/>
  <testcase name="mobileLoginCarLoan" time="0.000" classname="test.day3"/>
>>>>>>> 0128cc722e9049ab27c365843ff00a07ce2191f5
</testsuite> <!-- test.day3 -->
