<?xml version="1.0" encoding="UTF-8"?>
<!-- Generated by org.testng.reporters.JUnitReportReporter -->
<testsuite skipped="0" hostname="Okles-PC" name="test.day1" tests="1" failures="0" timestamp="12 lut 2018 19:31:23 GMT" time="0.006" errors="0">
  <testcase name="Demo" time="0.006" classname="test.day1"/>
</testsuite> <!-- test.day1 -->
