<?xml version="1.0" encoding="UTF-8"?>
<!-- Generated by org.testng.reporters.JUnitReportReporter -->
<testsuite skipped="0" hostname="Okles-PC" name="test.day3" tests="2" failures="0" timestamp="12 lut 2018 19:31:23 GMT" time="0.001" errors="0">
  <testcase name="loginAPIcarLoan" time="0.001" classname="test.day3"/>
  <testcase name="webLoginCarLoan" time="0.000" classname="test.day3"/>
</testsuite> <!-- test.day3 -->
