<?xml version="1.0" encoding="UTF-8"?>
<!-- Generated by org.testng.reporters.JUnitReportReporter -->
<testsuite skipped="0" hostname="Okles-PC" name="test.day3" tests="6" failures="0" timestamp="09 maj 2018 18:30:37 GMT" time="0.003" errors="0">
  <testcase name="mobileLoginCarLoan" time="0.001" classname="test.day3"/>
  <testcase name="mobileSignInLoan" time="0.000" classname="test.day3"/>
  <testcase name="webLoginCarLoan" time="0.001" classname="test.day3"/>
  <testcase name="mobileSignInLoan" time="0.000" classname="test.day3"/>
  <testcase name="mobileSignInLoan" time="0.001" classname="test.day3"/>
  <testcase name="mobileSignOutLoan" time="0.000" classname="test.day3"/>
</testsuite> <!-- test.day3 -->
