<?xml version="1.0" encoding="UTF-8"?>
<!-- Generated by org.testng.reporters.JUnitReportReporter -->
<testsuite skipped="0" hostname="Okles-PC" name="test.day1" tests="1" failures="0" timestamp="08 maj 2018 18:48:45 GMT" time="0.000" errors="0">
  <testcase name="Demo" time="0.000" classname="test.day1"/>
</testsuite> <!-- test.day1 -->
