<?xml version="1.0" encoding="UTF-8"?>
<!-- Generated by org.testng.reporters.JUnitReportReporter -->
<testsuite skipped="0" hostname="Okles-PC" name="test.day2" tests="1" failures="0" timestamp="26 kwi 2018 18:21:26 GMT" time="0.001" errors="0">
  <testcase name="ploan" time="0.001" classname="test.day2"/>
</testsuite> <!-- test.day2 -->
