<?xml version="1.0" encoding="UTF-8"?>
<!-- Generated by org.testng.reporters.JUnitReportReporter -->
<testsuite skipped="1" hostname="Okles-PC" name="test.day3" tests="4" failures="0" timestamp="07 maj 2018 17:49:54 GMT" time="0.002" errors="0">
  <testcase name="webLoginCarLoan" time="0.000" classname="test.day3"/>
  <testcase name="mobileLoginCarLoan" time="0.001" classname="test.day3"/>
  <testcase name="mobileSignOutLoan" time="0.001" classname="test.day3"/>
  <testcase name="mobileSignInLoan" classname="test.day3">
    <skipped/>
  </testcase> <!-- mobileSignInLoan -->
</testsuite> <!-- test.day3 -->
